d:\github\sageengine\s.a.g.e\apps\pacman\x64\debug\vc143.pdb
d:\github\sageengine\s.a.g.e\apps\pacman\x64\debug\vc143.idb
d:\github\sageengine\s.a.g.e\apps\pacman\x64\debug\winmain.obj
d:\github\sageengine\s.a.g.e\apps\pacman\x64\debug\tilemapservice.obj
d:\github\sageengine\s.a.g.e\apps\pacman\x64\debug\gamestate.obj
d:\github\sageengine\s.a.g.e\apps\pacman\x64\debug\playeranimatorcomponent.obj
d:\github\sageengine\s.a.g.e\apps\pacman\x64\debug\playercontrollercomponent.obj
d:\github\sageengine\s.a.g.e\apps\pacman\x64\debug\gamemanagerservice.obj
d:\github\sageengine\s.a.g.e\apps\pacman\x64\debug\ghostanimatorcomponent.obj
d:\github\sageengine\s.a.g.e\apps\pacman\x64\debug\ghostcontrollercomponent.obj
d:\github\sageengine\s.a.g.e\x64\debug\pacman.lib
d:\github\sageengine\s.a.g.e\x64\debug\pacman.exp
d:\github\sageengine\s.a.g.e\x64\debug\pacman.exe
d:\github\sageengine\s.a.g.e\x64\debug\pacman.pdb
d:\github\sageengine\s.a.g.e\apps\pacman\x64\debug\pacman.ilk
d:\github\sageengine\s.a.g.e\apps\pacman\x64\debug\pacman.tlog\cl.command.1.tlog
d:\github\sageengine\s.a.g.e\apps\pacman\x64\debug\pacman.tlog\cl.items.tlog
d:\github\sageengine\s.a.g.e\apps\pacman\x64\debug\pacman.tlog\cl.read.1.tlog
d:\github\sageengine\s.a.g.e\apps\pacman\x64\debug\pacman.tlog\cl.write.1.tlog
d:\github\sageengine\s.a.g.e\apps\pacman\x64\debug\pacman.tlog\link.command.1.tlog
d:\github\sageengine\s.a.g.e\apps\pacman\x64\debug\pacman.tlog\link.read.1.tlog
d:\github\sageengine\s.a.g.e\apps\pacman\x64\debug\pacman.tlog\link.secondary.1.tlog
d:\github\sageengine\s.a.g.e\apps\pacman\x64\debug\pacman.tlog\link.write.1.tlog
