d:\githubfiles\sageengine\s.a.g.e\framework\ai\x64\debug\ai.pch
d:\githubfiles\sageengine\s.a.g.e\x64\debug\ai.pdb
d:\githubfiles\sageengine\s.a.g.e\x64\debug\ai.idb
d:\githubfiles\sageengine\s.a.g.e\framework\ai\x64\debug\agent.obj
d:\githubfiles\sageengine\s.a.g.e\framework\ai\x64\debug\aiworld.obj
d:\githubfiles\sageengine\s.a.g.e\framework\ai\x64\debug\alignmentbehavior.obj
d:\githubfiles\sageengine\s.a.g.e\framework\ai\x64\debug\arrivebehavior.obj
d:\githubfiles\sageengine\s.a.g.e\framework\ai\x64\debug\astar.obj
d:\githubfiles\sageengine\s.a.g.e\framework\ai\x64\debug\bfs.obj
d:\githubfiles\sageengine\s.a.g.e\framework\ai\x64\debug\cohesionbehavior.obj
d:\githubfiles\sageengine\s.a.g.e\framework\ai\x64\debug\dfs.obj
d:\githubfiles\sageengine\s.a.g.e\framework\ai\x64\debug\dijkstra.obj
d:\githubfiles\sageengine\s.a.g.e\framework\ai\x64\debug\entity.obj
d:\githubfiles\sageengine\s.a.g.e\framework\ai\x64\debug\fleebehavior.obj
d:\githubfiles\sageengine\s.a.g.e\framework\ai\x64\debug\gridbasedgraph.obj
d:\githubfiles\sageengine\s.a.g.e\framework\ai\x64\debug\precompiled.obj
d:\githubfiles\sageengine\s.a.g.e\framework\ai\x64\debug\pursuitbehavior.obj
d:\githubfiles\sageengine\s.a.g.e\framework\ai\x64\debug\seekbehavior.obj
d:\githubfiles\sageengine\s.a.g.e\framework\ai\x64\debug\seperationbehavior.obj
d:\githubfiles\sageengine\s.a.g.e\framework\ai\x64\debug\steeringmodule.obj
d:\githubfiles\sageengine\s.a.g.e\framework\ai\x64\debug\wanderbehavoir.obj
d:\githubfiles\sageengine\s.a.g.e\x64\debug\ai.lib
d:\githubfiles\sageengine\s.a.g.e\framework\ai\x64\debug\ai.tlog\cl.command.1.tlog
d:\githubfiles\sageengine\s.a.g.e\framework\ai\x64\debug\ai.tlog\cl.items.tlog
d:\githubfiles\sageengine\s.a.g.e\framework\ai\x64\debug\ai.tlog\cl.read.1.tlog
d:\githubfiles\sageengine\s.a.g.e\framework\ai\x64\debug\ai.tlog\cl.write.1.tlog
d:\githubfiles\sageengine\s.a.g.e\framework\ai\x64\debug\ai.tlog\lib-link.read.1.tlog
d:\githubfiles\sageengine\s.a.g.e\framework\ai\x64\debug\ai.tlog\lib-link.write.1.tlog
d:\githubfiles\sageengine\s.a.g.e\framework\ai\x64\debug\ai.tlog\lib.command.1.tlog
