  Agent.cpp
  AIWorld.cpp
  AlignmentBehavior.cpp
D:\AzureDevOps\S.A.G.E\Framework\AI\Src\AlignmentBehavior.cpp(22,39): warning C4244: 'argument': conversion from 'unsigned __int64' to 'float', possible loss of data
  ArriveBehavior.cpp
D:\AzureDevOps\S.A.G.E\Framework\AI\Src\ArriveBehavior.cpp(36,9): error C2039: 'DrawScreenLine': is not a member of 'SAGE'
D:\AzureDevOps\S.A.G.E\Framework\Graphics\Inc\GraphicsSystem.h(5): message : see declaration of 'SAGE'
D:\AzureDevOps\S.A.G.E\Framework\AI\Src\ArriveBehavior.cpp(36,23): error C3861: 'DrawScreenLine': identifier not found
D:\AzureDevOps\S.A.G.E\Framework\AI\Src\ArriveBehavior.cpp(37,9): error C2039: 'DrawScreenLine': is not a member of 'SAGE'
D:\AzureDevOps\S.A.G.E\Framework\Graphics\Inc\GraphicsSystem.h(5): message : see declaration of 'SAGE'
D:\AzureDevOps\S.A.G.E\Framework\AI\Src\ArriveBehavior.cpp(37,23): error C3861: 'DrawScreenLine': identifier not found
D:\AzureDevOps\S.A.G.E\Framework\AI\Src\ArriveBehavior.cpp(44,9): error C2039: 'DrawScreenText': is not a member of 'SAGE'
D:\AzureDevOps\S.A.G.E\Framework\Graphics\Inc\GraphicsSystem.h(5): message : see declaration of 'SAGE'
D:\AzureDevOps\S.A.G.E\Framework\AI\Src\ArriveBehavior.cpp(44,58): error C2679: binary '+': no operator found which takes a right-hand operand of type 'float' (or there is no acceptable conversion)
D:\AzureDevOps\S.A.G.E\Framework\Math\Inc\Vector2.h(25,21): message : could be 'SAGE::Math::Vector2 SAGE::Math::Vector2::operator +(const SAGE::Math::Vector2 &) const'
D:\AzureDevOps\S.A.G.E\Framework\AI\Src\ArriveBehavior.cpp(44,58): message : while trying to match the argument list '(SAGE::Math::Vector2, float)'
D:\AzureDevOps\S.A.G.E\Framework\AI\Src\ArriveBehavior.cpp(44,23): error C3861: 'DrawScreenText': identifier not found
D:\AzureDevOps\S.A.G.E\Framework\AI\Src\ArriveBehavior.cpp(51,9): error C2039: 'DrawScreenText': is not a member of 'SAGE'
D:\AzureDevOps\S.A.G.E\Framework\Graphics\Inc\GraphicsSystem.h(5): message : see declaration of 'SAGE'
D:\AzureDevOps\S.A.G.E\Framework\AI\Src\ArriveBehavior.cpp(51,59): error C2679: binary '+': no operator found which takes a right-hand operand of type 'float' (or there is no acceptable conversion)
D:\AzureDevOps\S.A.G.E\Framework\Math\Inc\Vector2.h(25,21): message : could be 'SAGE::Math::Vector2 SAGE::Math::Vector2::operator +(const SAGE::Math::Vector2 &) const'
D:\AzureDevOps\S.A.G.E\Framework\AI\Src\ArriveBehavior.cpp(51,59): message : while trying to match the argument list '(SAGE::Math::Vector2, float)'
D:\AzureDevOps\S.A.G.E\Framework\AI\Src\ArriveBehavior.cpp(51,23): error C3861: 'DrawScreenText': identifier not found
  aStar.cpp
  BFS.cpp
  CohesionBehavior.cpp
D:\AzureDevOps\S.A.G.E\Framework\AI\Src\CohesionBehavior.cpp(23,35): warning C4244: 'argument': conversion from 'unsigned __int64' to 'float', possible loss of data
D:\AzureDevOps\S.A.G.E\Framework\AI\Src\CohesionBehavior.cpp(35,9): error C2039: 'DrawScreenDiamond': is not a member of 'SAGE'
D:\AzureDevOps\S.A.G.E\Framework\Graphics\Inc\GraphicsSystem.h(5): message : see declaration of 'SAGE'
D:\AzureDevOps\S.A.G.E\Framework\AI\Src\CohesionBehavior.cpp(35,26): error C3861: 'DrawScreenDiamond': identifier not found
D:\AzureDevOps\S.A.G.E\Framework\AI\Src\CohesionBehavior.cpp(36,9): error C2039: 'DrawScreenLine': is not a member of 'SAGE'
D:\AzureDevOps\S.A.G.E\Framework\Graphics\Inc\GraphicsSystem.h(5): message : see declaration of 'SAGE'
D:\AzureDevOps\S.A.G.E\Framework\AI\Src\CohesionBehavior.cpp(36,23): error C3861: 'DrawScreenLine': identifier not found
D:\AzureDevOps\S.A.G.E\Framework\AI\Src\CohesionBehavior.cpp(37,9): error C2039: 'DrawScreenLine': is not a member of 'SAGE'
D:\AzureDevOps\S.A.G.E\Framework\Graphics\Inc\GraphicsSystem.h(5): message : see declaration of 'SAGE'
D:\AzureDevOps\S.A.G.E\Framework\AI\Src\CohesionBehavior.cpp(37,23): error C3861: 'DrawScreenLine': identifier not found
  DFS.cpp
  Dijkstra.cpp
  Entity.cpp
D:\AzureDevOps\S.A.G.E\Framework\AI\Src\Entity.cpp(25,29): error C2039: 'PerpendicularRH': is not a member of 'SAGE::Math'
D:\AzureDevOps\S.A.G.E\Framework\Math\Inc\SAGEMath.h(29): message : see declaration of 'SAGE::Math'
D:\AzureDevOps\S.A.G.E\Framework\AI\Src\Entity.cpp(25,44): error C3861: 'PerpendicularRH': identifier not found
D:\AzureDevOps\S.A.G.E\Framework\AI\Src\Entity.cpp(28,8): error C2440: 'return': cannot convert from 'initializer list' to 'SAGE::Math::Matrix3'
D:\AzureDevOps\S.A.G.E\Framework\AI\Src\Entity.cpp(32,3): message : No constructor could take the source type, or constructor overload resolution was ambiguous
  FleeBehavior.cpp
D:\AzureDevOps\S.A.G.E\Framework\AI\Src\FleeBehavior.cpp(28,9): error C2039: 'DrawScreenLine': is not a member of 'SAGE'
D:\AzureDevOps\S.A.G.E\Framework\Graphics\Inc\GraphicsSystem.h(5): message : see declaration of 'SAGE'
D:\AzureDevOps\S.A.G.E\Framework\AI\Src\FleeBehavior.cpp(28,23): error C3861: 'DrawScreenLine': identifier not found
D:\AzureDevOps\S.A.G.E\Framework\AI\Src\FleeBehavior.cpp(29,9): error C2039: 'DrawScreenLine': is not a member of 'SAGE'
D:\AzureDevOps\S.A.G.E\Framework\Graphics\Inc\GraphicsSystem.h(5): message : see declaration of 'SAGE'
D:\AzureDevOps\S.A.G.E\Framework\AI\Src\FleeBehavior.cpp(29,23): error C3861: 'DrawScreenLine': identifier not found
D:\AzureDevOps\S.A.G.E\Framework\AI\Src\FleeBehavior.cpp(31,9): error C2039: 'DrawScreenCircle': is not a member of 'SAGE'
D:\AzureDevOps\S.A.G.E\Framework\Graphics\Inc\GraphicsSystem.h(5): message : see declaration of 'SAGE'
D:\AzureDevOps\S.A.G.E\Framework\AI\Src\FleeBehavior.cpp(31,25): error C3861: 'DrawScreenCircle': identifier not found
  GridBasedGraph.cpp
  Precompiled.cpp
  PursuitBehavior.cpp
D:\AzureDevOps\S.A.G.E\Framework\AI\Src\PursuitBehavior.cpp(44,9): error C2039: 'DrawScreenLine': is not a member of 'SAGE'
D:\AzureDevOps\S.A.G.E\Framework\Graphics\Inc\GraphicsSystem.h(5): message : see declaration of 'SAGE'
D:\AzureDevOps\S.A.G.E\Framework\AI\Src\PursuitBehavior.cpp(44,23): error C3861: 'DrawScreenLine': identifier not found
D:\AzureDevOps\S.A.G.E\Framework\AI\Src\PursuitBehavior.cpp(45,9): error C2039: 'DrawScreenLine': is not a member of 'SAGE'
D:\AzureDevOps\S.A.G.E\Framework\Graphics\Inc\GraphicsSystem.h(5): message : see declaration of 'SAGE'
D:\AzureDevOps\S.A.G.E\Framework\AI\Src\PursuitBehavior.cpp(45,23): error C3861: 'DrawScreenLine': identifier not found
D:\AzureDevOps\S.A.G.E\Framework\AI\Src\PursuitBehavior.cpp(46,9): error C2039: 'DrawScreenCircle': is not a member of 'SAGE'
D:\AzureDevOps\S.A.G.E\Framework\Graphics\Inc\GraphicsSystem.h(5): message : see declaration of 'SAGE'
D:\AzureDevOps\S.A.G.E\Framework\AI\Src\PursuitBehavior.cpp(46,25): error C3861: 'DrawScreenCircle': identifier not found
  SeekBehavior.cpp
D:\AzureDevOps\S.A.G.E\Framework\AI\Src\SeekBehavior.cpp(23,9): error C2039: 'DrawScreenLine': is not a member of 'SAGE'
D:\AzureDevOps\S.A.G.E\Framework\Graphics\Inc\GraphicsSystem.h(5): message : see declaration of 'SAGE'
D:\AzureDevOps\S.A.G.E\Framework\AI\Src\SeekBehavior.cpp(23,23): error C3861: 'DrawScreenLine': identifier not found
D:\AzureDevOps\S.A.G.E\Framework\AI\Src\SeekBehavior.cpp(24,9): error C2039: 'DrawScreenLine': is not a member of 'SAGE'
D:\AzureDevOps\S.A.G.E\Framework\Graphics\Inc\GraphicsSystem.h(5): message : see declaration of 'SAGE'
D:\AzureDevOps\S.A.G.E\Framework\AI\Src\SeekBehavior.cpp(24,23): error C3861: 'DrawScreenLine': identifier not found
  SeperationBehavior.cpp
  SteeringModule.cpp
  WanderBehavoir.cpp
D:\AzureDevOps\S.A.G.E\Framework\AI\Src\WanderBehavoir.cpp(37,9): error C2039: 'DrawScreenCircle': is not a member of 'SAGE'
D:\AzureDevOps\S.A.G.E\Framework\Graphics\Inc\GraphicsSystem.h(5): message : see declaration of 'SAGE'
D:\AzureDevOps\S.A.G.E\Framework\AI\Src\WanderBehavoir.cpp(37,25): error C3861: 'DrawScreenCircle': identifier not found
D:\AzureDevOps\S.A.G.E\Framework\AI\Src\WanderBehavoir.cpp(39,9): error C2039: 'DrawScreenDiamond': is not a member of 'SAGE'
D:\AzureDevOps\S.A.G.E\Framework\Graphics\Inc\GraphicsSystem.h(5): message : see declaration of 'SAGE'
D:\AzureDevOps\S.A.G.E\Framework\AI\Src\WanderBehavoir.cpp(39,26): error C3861: 'DrawScreenDiamond': identifier not found
D:\AzureDevOps\S.A.G.E\Framework\AI\Src\WanderBehavoir.cpp(40,9): error C2039: 'DrawScreenLine': is not a member of 'SAGE'
D:\AzureDevOps\S.A.G.E\Framework\Graphics\Inc\GraphicsSystem.h(5): message : see declaration of 'SAGE'
D:\AzureDevOps\S.A.G.E\Framework\AI\Src\WanderBehavoir.cpp(40,23): error C3861: 'DrawScreenLine': identifier not found
