d:\githubfiles\sageengine\s.a.g.e\framework\ml\x64\debug\ml.pch
d:\githubfiles\sageengine\s.a.g.e\x64\debug\ml.pdb
d:\githubfiles\sageengine\s.a.g.e\x64\debug\ml.idb
d:\githubfiles\sageengine\s.a.g.e\framework\ml\x64\debug\precompiled.obj
d:\githubfiles\sageengine\s.a.g.e\framework\ml\x64\debug\population.obj
d:\githubfiles\sageengine\s.a.g.e\framework\ml\x64\debug\neuralnetwork.obj
d:\githubfiles\sageengine\s.a.g.e\framework\ml\x64\debug\neuralnet.obj
d:\githubfiles\sageengine\s.a.g.e\framework\ml\x64\debug\logisticregression.obj
d:\githubfiles\sageengine\s.a.g.e\framework\ml\x64\debug\linearregression.obj
d:\githubfiles\sageengine\s.a.g.e\framework\ml\x64\debug\kmeans.obj
d:\githubfiles\sageengine\s.a.g.e\framework\ml\x64\debug\innovationcontainer.obj
d:\githubfiles\sageengine\s.a.g.e\framework\ml\x64\debug\geneticalgorithm.obj
d:\githubfiles\sageengine\s.a.g.e\framework\ml\x64\debug\datasets.obj
d:\githubfiles\sageengine\s.a.g.e\x64\debug\ml.lib
d:\githubfiles\sageengine\s.a.g.e\framework\ml\x64\debug\ml.tlog\cl.command.1.tlog
d:\githubfiles\sageengine\s.a.g.e\framework\ml\x64\debug\ml.tlog\cl.items.tlog
d:\githubfiles\sageengine\s.a.g.e\framework\ml\x64\debug\ml.tlog\cl.read.1.tlog
d:\githubfiles\sageengine\s.a.g.e\framework\ml\x64\debug\ml.tlog\cl.write.1.tlog
d:\githubfiles\sageengine\s.a.g.e\framework\ml\x64\debug\ml.tlog\lib-link.read.1.tlog
d:\githubfiles\sageengine\s.a.g.e\framework\ml\x64\debug\ml.tlog\lib-link.write.1.tlog
d:\githubfiles\sageengine\s.a.g.e\framework\ml\x64\debug\ml.tlog\lib.command.1.tlog
