d:\githubfiles\sageengine\s.a.g.e\engine\sage\x64\debug\sage.pch
d:\githubfiles\sageengine\s.a.g.e\x64\debug\sage.pdb
d:\githubfiles\sageengine\s.a.g.e\x64\debug\sage.idb
d:\githubfiles\sageengine\s.a.g.e\engine\sage\x64\debug\precompiled.obj
d:\githubfiles\sageengine\s.a.g.e\engine\sage\x64\debug\renderservice.obj
d:\githubfiles\sageengine\s.a.g.e\engine\sage\x64\debug\postprocessingservice.obj
d:\githubfiles\sageengine\s.a.g.e\engine\sage\x64\debug\physicsservice.obj
d:\githubfiles\sageengine\s.a.g.e\engine\sage\x64\debug\physicsdebugdraw.obj
d:\githubfiles\sageengine\s.a.g.e\engine\sage\x64\debug\particleservice.obj
d:\githubfiles\sageengine\s.a.g.e\engine\sage\x64\debug\particlecomponent.obj
d:\githubfiles\sageengine\s.a.g.e\engine\sage\x64\debug\modelcomponent.obj
d:\githubfiles\sageengine\s.a.g.e\engine\sage\x64\debug\gameworld.obj
d:\githubfiles\sageengine\s.a.g.e\engine\sage\x64\debug\gameobjectfactory.obj
d:\githubfiles\sageengine\s.a.g.e\engine\sage\x64\debug\gameobject.obj
d:\githubfiles\sageengine\s.a.g.e\engine\sage\x64\debug\fpscameracontrollercomponent.obj
d:\githubfiles\sageengine\s.a.g.e\engine\sage\x64\debug\followcameracontrollercomponent.obj
d:\githubfiles\sageengine\s.a.g.e\engine\sage\x64\debug\collidercomponent.obj
d:\githubfiles\sageengine\s.a.g.e\engine\sage\x64\debug\camerautil.obj
d:\githubfiles\sageengine\s.a.g.e\engine\sage\x64\debug\cameraservice.obj
d:\githubfiles\sageengine\s.a.g.e\engine\sage\x64\debug\cameracomponent.obj
d:\githubfiles\sageengine\s.a.g.e\engine\sage\x64\debug\bphysicsservice.obj
d:\githubfiles\sageengine\s.a.g.e\engine\sage\x64\debug\bphysicscomponent.obj
d:\githubfiles\sageengine\s.a.g.e\engine\sage\x64\debug\app.obj
d:\githubfiles\sageengine\s.a.g.e\engine\sage\x64\debug\animatorcomponent.obj
d:\githubfiles\sageengine\s.a.g.e\engine\sage\x64\debug\uiservice.obj
d:\githubfiles\sageengine\s.a.g.e\engine\sage\x64\debug\transformcomponent.obj
d:\githubfiles\sageengine\s.a.g.e\engine\sage\x64\debug\terrainservice.obj
d:\githubfiles\sageengine\s.a.g.e\engine\sage\x64\debug\spawnercomponent.obj
d:\githubfiles\sageengine\s.a.g.e\engine\sage\x64\debug\sage.obj
d:\githubfiles\sageengine\s.a.g.e\engine\sage\x64\debug\rigidbodycomponent.obj
d:\githubfiles\sageengine\s.a.g.e\x64\debug\sage.lib
d:\githubfiles\sageengine\s.a.g.e\engine\sage\x64\debug\sage.tlog\cl.command.1.tlog
d:\githubfiles\sageengine\s.a.g.e\engine\sage\x64\debug\sage.tlog\cl.items.tlog
d:\githubfiles\sageengine\s.a.g.e\engine\sage\x64\debug\sage.tlog\cl.read.1.tlog
d:\githubfiles\sageengine\s.a.g.e\engine\sage\x64\debug\sage.tlog\cl.write.1.tlog
d:\githubfiles\sageengine\s.a.g.e\engine\sage\x64\debug\sage.tlog\lib-link.read.1.tlog
d:\githubfiles\sageengine\s.a.g.e\engine\sage\x64\debug\sage.tlog\lib-link.write.1.tlog
d:\githubfiles\sageengine\s.a.g.e\engine\sage\x64\debug\sage.tlog\lib.command.1.tlog
