d:\githubfiles\sageengine\s.a.g.e\framework\graphics\x64\debug\graphics.pch
d:\githubfiles\sageengine\s.a.g.e\x64\debug\graphics.pdb
d:\githubfiles\sageengine\s.a.g.e\x64\debug\graphics.idb
d:\githubfiles\sageengine\s.a.g.e\framework\graphics\x64\debug\precompiled.obj
d:\githubfiles\sageengine\s.a.g.e\framework\graphics\x64\debug\modelmanager.obj
d:\githubfiles\sageengine\s.a.g.e\framework\graphics\x64\debug\modelio.obj
d:\githubfiles\sageengine\s.a.g.e\framework\graphics\x64\debug\meshutil.obj
d:\githubfiles\sageengine\s.a.g.e\framework\graphics\x64\debug\meshbuilder.obj
d:\githubfiles\sageengine\s.a.g.e\framework\graphics\x64\debug\meshbuffer.obj
d:\githubfiles\sageengine\s.a.g.e\framework\graphics\x64\debug\hologrameffect.obj
d:\githubfiles\sageengine\s.a.g.e\framework\graphics\x64\debug\graphicssystem.obj
d:\githubfiles\sageengine\s.a.g.e\framework\graphics\x64\debug\gaussianblureffect.obj
d:\githubfiles\sageengine\s.a.g.e\framework\graphics\x64\debug\font.obj
d:\githubfiles\sageengine\s.a.g.e\framework\graphics\x64\debug\debugui.obj
d:\githubfiles\sageengine\s.a.g.e\framework\graphics\x64\debug\crosshatcheffect.obj
d:\githubfiles\sageengine\s.a.g.e\framework\graphics\x64\debug\constantbuffer.obj
d:\githubfiles\sageengine\s.a.g.e\framework\graphics\x64\debug\camera.obj
d:\githubfiles\sageengine\s.a.g.e\framework\graphics\x64\debug\blendstate.obj
d:\githubfiles\sageengine\s.a.g.e\framework\graphics\x64\debug\audiosystem.obj
d:\githubfiles\sageengine\s.a.g.e\framework\graphics\x64\debug\animator.obj
d:\githubfiles\sageengine\s.a.g.e\framework\graphics\x64\debug\animationutil.obj
d:\githubfiles\sageengine\s.a.g.e\framework\graphics\x64\debug\animationio.obj
d:\githubfiles\sageengine\s.a.g.e\framework\graphics\x64\debug\animationbuilder.obj
d:\githubfiles\sageengine\s.a.g.e\framework\graphics\x64\debug\animation.obj
d:\githubfiles\sageengine\s.a.g.e\framework\graphics\x64\debug\vertexshader.obj
d:\githubfiles\sageengine\s.a.g.e\framework\graphics\x64\debug\uibutton.obj
d:\githubfiles\sageengine\s.a.g.e\framework\graphics\x64\debug\tooneffect .obj
d:\githubfiles\sageengine\s.a.g.e\framework\graphics\x64\debug\texturingeffect.obj
d:\githubfiles\sageengine\s.a.g.e\framework\graphics\x64\debug\texturemanager.obj
d:\githubfiles\sageengine\s.a.g.e\framework\graphics\x64\debug\postproccessingeffect.obj
d:\githubfiles\sageengine\s.a.g.e\framework\graphics\x64\debug\texture.obj
d:\githubfiles\sageengine\s.a.g.e\framework\graphics\x64\debug\terraineffect.obj
d:\githubfiles\sageengine\s.a.g.e\framework\graphics\x64\debug\terrain.obj
d:\githubfiles\sageengine\s.a.g.e\framework\graphics\x64\debug\standardeffect.obj
d:\githubfiles\sageengine\s.a.g.e\framework\graphics\x64\debug\spriterenderer.obj
d:\githubfiles\sageengine\s.a.g.e\framework\graphics\x64\debug\soundeffectmanager.obj
d:\githubfiles\sageengine\s.a.g.e\framework\graphics\x64\debug\simpledraw.obj
d:\githubfiles\sageengine\s.a.g.e\framework\graphics\x64\debug\shadoweffect.obj
d:\githubfiles\sageengine\s.a.g.e\framework\graphics\x64\debug\sampler.obj
d:\githubfiles\sageengine\s.a.g.e\framework\graphics\x64\debug\rendertarget.obj
d:\githubfiles\sageengine\s.a.g.e\framework\graphics\x64\debug\renderobject.obj
d:\githubfiles\sageengine\s.a.g.e\framework\graphics\x64\debug\reflectioneffect.obj
d:\githubfiles\sageengine\s.a.g.e\framework\graphics\x64\debug\pixelshader.obj
d:\githubfiles\sageengine\s.a.g.e\framework\graphics\x64\debug\particleeffect.obj
d:\githubfiles\sageengine\s.a.g.e\framework\graphics\x64\debug\voxelwatereffect.obj
d:\githubfiles\sageengine\s.a.g.e\framework\graphics\x64\debug\voxelterraineffect.obj
d:\githubfiles\sageengine\s.a.g.e\framework\graphics\x64\debug\voxelcloudseffect.obj
d:\githubfiles\sageengine\s.a.g.e\x64\debug\graphics.lib
d:\githubfiles\sageengine\s.a.g.e\framework\graphics\x64\debug\graphics.tlog\cl.command.1.tlog
d:\githubfiles\sageengine\s.a.g.e\framework\graphics\x64\debug\graphics.tlog\cl.items.tlog
d:\githubfiles\sageengine\s.a.g.e\framework\graphics\x64\debug\graphics.tlog\cl.read.1.tlog
d:\githubfiles\sageengine\s.a.g.e\framework\graphics\x64\debug\graphics.tlog\cl.write.1.tlog
d:\githubfiles\sageengine\s.a.g.e\framework\graphics\x64\debug\graphics.tlog\lib-link.read.1.tlog
d:\githubfiles\sageengine\s.a.g.e\framework\graphics\x64\debug\graphics.tlog\lib-link.write.1.tlog
d:\githubfiles\sageengine\s.a.g.e\framework\graphics\x64\debug\graphics.tlog\lib.command.1.tlog
