d:\azuredevops\s.a.g.e\apps\projectvoxel\x64\debug\vc143.pdb
d:\azuredevops\s.a.g.e\apps\projectvoxel\x64\debug\vc143.idb
d:\azuredevops\s.a.g.e\apps\projectvoxel\x64\debug\worldgenerator.obj
d:\azuredevops\s.a.g.e\apps\projectvoxel\x64\debug\gamestate.obj
d:\azuredevops\s.a.g.e\apps\projectvoxel\x64\debug\chunkmeshcreator.obj
d:\azuredevops\s.a.g.e\apps\projectvoxel\x64\debug\winmain.obj
d:\azuredevops\s.a.g.e\apps\projectvoxel\x64\debug\playermovementcomponent.obj
d:\azuredevops\s.a.g.e\apps\projectvoxel\x64\debug\playeruiservice.obj
d:\azuredevops\s.a.g.e\apps\projectvoxel\x64\debug\cloudservice.obj
d:\azuredevops\s.a.g.e\apps\projectvoxel\x64\debug\worldservice.obj
d:\azuredevops\s.a.g.e\apps\projectvoxel\x64\debug\cameracontrollercomponent.obj
d:\azuredevops\s.a.g.e\apps\projectvoxel\x64\debug\playercontrollercomponent.obj
d:\azuredevops\s.a.g.e\apps\projectvoxel\x64\debug\corobehaviour.obj
d:\azuredevops\s.a.g.e\x64\debug\projectvoxel.lib
d:\azuredevops\s.a.g.e\x64\debug\projectvoxel.exp
d:\azuredevops\s.a.g.e\apps\projectvoxel\x64\debug\playeruimanager.obj
d:\azuredevops\s.a.g.e\apps\projectvoxel\x64\debug\chunkmeshcreator.obj.enc
d:\azuredevops\s.a.g.e\apps\projectvoxel\x64\debug\gamestate.obj.enc
d:\azuredevops\s.a.g.e\apps\projectvoxel\x64\debug\worldgenerator.obj.enc
d:\azuredevops\s.a.g.e\apps\projectvoxel\x64\debug\worldservice.obj.enc
d:\azuredevops\s.a.g.e\x64\debug\projectvoxel.pdb
d:\azuredevops\s.a.g.e\apps\projectvoxel\x64\debug\projectvoxel.tlog\cl.command.1.tlog
d:\azuredevops\s.a.g.e\apps\projectvoxel\x64\debug\projectvoxel.tlog\cl.read.1.tlog
d:\azuredevops\s.a.g.e\apps\projectvoxel\x64\debug\projectvoxel.tlog\cl.write.1.tlog
d:\azuredevops\s.a.g.e\apps\projectvoxel\x64\debug\projectvoxel.tlog\link.15488-cvtres.read.1.tlog
d:\azuredevops\s.a.g.e\apps\projectvoxel\x64\debug\projectvoxel.tlog\link.15488-cvtres.write.1.tlog
d:\azuredevops\s.a.g.e\apps\projectvoxel\x64\debug\projectvoxel.tlog\link.15488-rc.read.1.tlog
d:\azuredevops\s.a.g.e\apps\projectvoxel\x64\debug\projectvoxel.tlog\link.15488-rc.write.1.tlog
d:\azuredevops\s.a.g.e\apps\projectvoxel\x64\debug\projectvoxel.tlog\link.15488.read.1.tlog
d:\azuredevops\s.a.g.e\apps\projectvoxel\x64\debug\projectvoxel.tlog\link.15488.read.2.tlog
d:\azuredevops\s.a.g.e\apps\projectvoxel\x64\debug\projectvoxel.tlog\link.15488.write.1.tlog
d:\azuredevops\s.a.g.e\apps\projectvoxel\x64\debug\projectvoxel.tlog\link.command.1.tlog
d:\azuredevops\s.a.g.e\apps\projectvoxel\x64\debug\projectvoxel.tlog\link.read.1.tlog
d:\azuredevops\s.a.g.e\apps\projectvoxel\x64\debug\projectvoxel.tlog\link.write.1.tlog
d:\azuredevops\s.a.g.e\apps\projectvoxel\x64\debug\projectvoxel.tlog\projectvoxel.write.1u.tlog
